<?xml version="1.0" encoding="UTF-8"?>
<!-- Generated by org.testng.reporters.JUnitXMLReporter -->
<testsuite hostname="DLLA06P3273" name="Test1" tests="20" failures="0" timestamp="7 Jun 2020 08:17:50 GMT" time="0.778" errors="0">
  <testcase name="@BeforeTest beforeTest" time="0.0" classname="AppiumTests.GeneralStore.test.GeneralStoreBasicTest2">
    <failure type="java.lang.NullPointerException">
      <![CDATA[java.lang.NullPointerException
	at AppiumTests.automation.CreateTestEmulator.<init>(CreateTestEmulator.java:41)
	at AppiumTests.GeneralStore.test.GeneralStoreBasicTest2.beforeTest(GeneralStoreBasicTest2.java:25)
	at java.util.concurrent.FutureTask.run(Unknown Source)
	at java.util.concurrent.ThreadPoolExecutor.runWorker(Unknown Source)
	at java.util.concurrent.ThreadPoolExecutor$Worker.run(Unknown Source)
	at java.lang.Thread.run(Unknown Source)
... Removed 14 stack frames]]>
    </failure>
  </testcase> <!-- @BeforeTest beforeTest -->
  <testcase name="@BeforeClass beforeClass" time="0.0" classname="AppiumTests.GeneralStore.test.GeneralStoreBasicTest2">
    <skipped/>
  </testcase> <!-- @BeforeClass beforeClass -->
  <testcase name="@AfterMethod onFailure" time="0.0" classname="AppiumTests.GeneralStore.test.GeneralStoreBasicTest2">
    <skipped/>
  </testcase> <!-- @AfterMethod onFailure -->
  <testcase name="@AfterMethod onFailure" time="0.0" classname="AppiumTests.GeneralStore.test.GeneralStoreBasicTest2">
    <skipped/>
  </testcase> <!-- @AfterMethod onFailure -->
  <testcase name="@AfterMethod onFailure" time="0.0" classname="AppiumTests.GeneralStore.test.GeneralStoreBasicTest2">
    <skipped/>
  </testcase> <!-- @AfterMethod onFailure -->
  <testcase name="@AfterMethod onFailure" time="0.0" classname="AppiumTests.GeneralStore.test.GeneralStoreBasicTest2">
    <skipped/>
  </testcase> <!-- @AfterMethod onFailure -->
  <testcase name="@AfterMethod onFailure" time="0.0" classname="AppiumTests.GeneralStore.test.GeneralStoreBasicTest2">
    <skipped/>
  </testcase> <!-- @AfterMethod onFailure -->
  <testcase name="@AfterMethod onFailure" time="0.0" classname="AppiumTests.GeneralStore.test.GeneralStoreBasicTest2">
    <skipped/>
  </testcase> <!-- @AfterMethod onFailure -->
  <testcase name="@AfterMethod onFailure" time="0.0" classname="AppiumTests.GeneralStore.test.GeneralStoreBasicTest2">
    <skipped/>
  </testcase> <!-- @AfterMethod onFailure -->
  <testcase name="@AfterMethod onFailure" time="0.0" classname="AppiumTests.GeneralStore.test.GeneralStoreBasicTest2">
    <skipped/>
  </testcase> <!-- @AfterMethod onFailure -->
  <testcase name="@AfterMethod onFailure" time="0.0" classname="AppiumTests.GeneralStore.test.GeneralStoreBasicTest2">
    <skipped/>
  </testcase> <!-- @AfterMethod onFailure -->
  <testcase name="@AfterMethod onFailure" time="0.0" classname="AppiumTests.GeneralStore.test.GeneralStoreBasicTest2">
    <skipped/>
  </testcase> <!-- @AfterMethod onFailure -->
  <testcase name="@AfterClass TerminnateSession" time="0.0" classname="AppiumTests.GeneralStore.test.GeneralStoreBasicTest2">
    <failure type="java.lang.NullPointerException">
      <![CDATA[java.lang.NullPointerException
	at AppiumTests.GeneralStore.test.GeneralStoreBasicTest2.TerminnateSession(GeneralStoreBasicTest2.java:122)
	at java.util.concurrent.FutureTask.run(Unknown Source)
	at java.util.concurrent.ThreadPoolExecutor.runWorker(Unknown Source)
	at java.util.concurrent.ThreadPoolExecutor$Worker.run(Unknown Source)
	at java.lang.Thread.run(Unknown Source)
... Removed 16 stack frames]]>
    </failure>
  </testcase> <!-- @AfterClass TerminnateSession -->
  <testcase name="@BeforeClass beforeClass" time="0.0" classname="AppiumTests.GeneralStore.test.GeneralStoreBasicTest">
    <skipped/>
  </testcase> <!-- @BeforeClass beforeClass -->
  <testcase name="@AfterClass TerminnateSession" time="0.0" classname="AppiumTests.GeneralStore.test.GeneralStoreBasicTest">
    <failure type="java.lang.NullPointerException">
      <![CDATA[java.lang.NullPointerException
	at AppiumTests.GeneralStore.test.GeneralStoreBasicTest.TerminnateSession(GeneralStoreBasicTest.java:113)
	at java.util.concurrent.FutureTask.run(Unknown Source)
	at java.util.concurrent.ThreadPoolExecutor.runWorker(Unknown Source)
	at java.util.concurrent.ThreadPoolExecutor$Worker.run(Unknown Source)
	at java.lang.Thread.run(Unknown Source)
... Removed 16 stack frames]]>
    </failure>
  </testcase> <!-- @AfterClass TerminnateSession -->
  <testcase name="@AfterTest CloseEmulator" time="0.0" classname="AppiumTests.GeneralStore.test.GeneralStoreBasicTest2">
    <failure type="java.lang.NullPointerException">
      <![CDATA[java.lang.NullPointerException
	at AppiumTests.GeneralStore.test.GeneralStoreBasicTest2.CloseEmulator(GeneralStoreBasicTest2.java:129)
	at java.util.concurrent.FutureTask.run(Unknown Source)
	at java.util.concurrent.ThreadPoolExecutor.runWorker(Unknown Source)
	at java.util.concurrent.ThreadPoolExecutor$Worker.run(Unknown Source)
	at java.lang.Thread.run(Unknown Source)
... Removed 14 stack frames]]>
    </failure>
  </testcase> <!-- @AfterTest CloseEmulator -->
  <testcase name="Step10_Switch_To_Web_View" time="0.438" classname="AppiumTests.GeneralStore.test.GeneralStoreBasicTest2">
    <skipped/>
  </testcase> <!-- Step10_Switch_To_Web_View -->
  <testcase name="Step1_Verify_User_is_On_Application" time="0.001" classname="AppiumTests.GeneralStore.test.GeneralStoreBasicTest2">
    <skipped/>
  </testcase> <!-- Step1_Verify_User_is_On_Application -->
  <testcase name="Step2_Verify_User_is_Able_To_Login" time="0.003" classname="AppiumTests.GeneralStore.test.GeneralStoreBasicTest2">
    <skipped/>
  </testcase> <!-- Step2_Verify_User_is_Able_To_Login -->
  <testcase name="Step3_Verify_Error_Message_On_Incorrect_Info" time="0.003" classname="AppiumTests.GeneralStore.test.GeneralStoreBasicTest2">
    <skipped/>
  </testcase> <!-- Step3_Verify_Error_Message_On_Incorrect_Info -->
  <testcase name="Step4_Verify_User_Able_To_Add_Product_To_Cart" time="0.002" classname="AppiumTests.GeneralStore.test.GeneralStoreBasicTest2">
    <skipped/>
  </testcase> <!-- Step4_Verify_User_Able_To_Add_Product_To_Cart -->
  <testcase name="Step5_Verify_User_Able_To_Add_Multiple_Project_And_CheckOut_Ammount" time="0.002" classname="AppiumTests.GeneralStore.test.GeneralStoreBasicTest2">
    <skipped/>
  </testcase> <!-- Step5_Verify_User_Able_To_Add_Multiple_Project_And_CheckOut_Ammount -->
  <testcase name="Step6_Verify_Price_Of_Product_On_Check_Out_Page" time="0.004" classname="AppiumTests.GeneralStore.test.GeneralStoreBasicTest2">
    <skipped/>
  </testcase> <!-- Step6_Verify_Price_Of_Product_On_Check_Out_Page -->
  <testcase name="Step7_Verify_Terms_And_Conditions_On_Check_Out_Page" time="0.001" classname="AppiumTests.GeneralStore.test.GeneralStoreBasicTest2">
    <skipped/>
  </testcase> <!-- Step7_Verify_Terms_And_Conditions_On_Check_Out_Page -->
  <testcase name="Step8_Click_Send_Me_Email_And_Verify_Satus" time="0.001" classname="AppiumTests.GeneralStore.test.GeneralStoreBasicTest2">
    <skipped/>
  </testcase> <!-- Step8_Click_Send_Me_Email_And_Verify_Satus -->
  <testcase name="Step9_Click_Visit_To_Website_Button" time="0.003" classname="AppiumTests.GeneralStore.test.GeneralStoreBasicTest2">
    <skipped/>
  </testcase> <!-- Step9_Click_Visit_To_Website_Button -->
  <testcase name="Step10_Switch_To_Web_View" time="0.001" classname="AppiumTests.GeneralStore.test.GeneralStoreBasicTest">
    <skipped/>
  </testcase> <!-- Step10_Switch_To_Web_View -->
  <testcase name="Step1_Verify_User_is_On_Application" time="0.001" classname="AppiumTests.GeneralStore.test.GeneralStoreBasicTest">
    <skipped/>
  </testcase> <!-- Step1_Verify_User_is_On_Application -->
  <testcase name="Step2_Verify_User_is_Able_To_Login" time="0.003" classname="AppiumTests.GeneralStore.test.GeneralStoreBasicTest">
    <skipped/>
  </testcase> <!-- Step2_Verify_User_is_Able_To_Login -->
  <testcase name="Step3_Verify_Error_Message_On_Incorrect_Info" time="0.001" classname="AppiumTests.GeneralStore.test.GeneralStoreBasicTest">
    <skipped/>
  </testcase> <!-- Step3_Verify_Error_Message_On_Incorrect_Info -->
  <testcase name="Step4_Verify_User_Able_To_Add_Product_To_Cart" time="0.001" classname="AppiumTests.GeneralStore.test.GeneralStoreBasicTest">
    <skipped/>
  </testcase> <!-- Step4_Verify_User_Able_To_Add_Product_To_Cart -->
  <testcase name="Step5_Verify_User_Able_To_Add_Multiple_Project_And_CheckOut_Ammount" time="0.001" classname="AppiumTests.GeneralStore.test.GeneralStoreBasicTest">
    <skipped/>
  </testcase> <!-- Step5_Verify_User_Able_To_Add_Multiple_Project_And_CheckOut_Ammount -->
  <testcase name="Step6_Verify_Price_Of_Product_On_Check_Out_Page" time="0.003" classname="AppiumTests.GeneralStore.test.GeneralStoreBasicTest">
    <skipped/>
  </testcase> <!-- Step6_Verify_Price_Of_Product_On_Check_Out_Page -->
  <testcase name="Step7_Verify_Terms_And_Conditions_On_Check_Out_Page" time="0.001" classname="AppiumTests.GeneralStore.test.GeneralStoreBasicTest">
    <skipped/>
  </testcase> <!-- Step7_Verify_Terms_And_Conditions_On_Check_Out_Page -->
  <testcase name="Step8_Click_Send_Me_Email_And_Verify_Satus" time="0.001" classname="AppiumTests.GeneralStore.test.GeneralStoreBasicTest">
    <skipped/>
  </testcase> <!-- Step8_Click_Send_Me_Email_And_Verify_Satus -->
  <testcase name="Step9_Click_Visit_To_Website_Button" time="0.001" classname="AppiumTests.GeneralStore.test.GeneralStoreBasicTest">
    <skipped/>
  </testcase> <!-- Step9_Click_Visit_To_Website_Button -->
</testsuite> <!-- Test1 -->
